[2026-06-09 14:35:14] [MEM: 481.4MB] System RAM: 125.7GB total, 115.2GB available
[2026-06-09 14:35:14] [MEM: 481.4MB] Loading trial chunk from test_out/ct_poc/raw_data/clinical_trials/chunked/trials_chunk_0006.json
[2026-06-09 14:35:14] [MEM: 482.2MB] Loaded 40 trials from chunk file
[2026-06-09 14:35:14] [MEM: 482.2MB] === Starting Clinical Trials Chunk Processing ===
[2026-06-09 14:35:14] [MEM: 482.2MB] Loading model: pritamdeka/S-BioBERT-snli-multinli-stsb
[2026-06-09 14:35:14] [MEM: 482.2MB] Using device: cpu
[2026-06-09 14:35:18] [MEM: 504.9MB] CPU workers: 1
[2026-06-09 14:35:18] [MEM: 846.3MB] Model loaded successfully. Dimension: 768
[2026-06-09 14:35:18] [MEM: 846.3MB] Processing chunk with 40 trials...
[2026-06-09 14:35:18] [MEM: 846.4MB] Generated 236 text chunks from 40 trials
[2026-06-09 14:35:18] [MEM: 846.4MB] Generating embeddings (batch_size=32)...
Batches:   0%|          | 0/8 [00:00<?, ?it/s]Batches:  12%|█▎        | 1/8 [00:00<00:04,  1.67it/s]Batches:  25%|██▌       | 2/8 [00:01<00:03,  1.82it/s]Batches:  38%|███▊      | 3/8 [00:01<00:02,  1.90it/s]Batches:  50%|█████     | 4/8 [00:02<00:02,  1.93it/s]Batches:  62%|██████▎   | 5/8 [00:02<00:01,  1.71it/s]Batches:  75%|███████▌  | 6/8 [00:03<00:01,  1.68it/s]Batches:  88%|████████▊ | 7/8 [00:03<00:00,  1.77it/s]Batches: 100%|██████████| 8/8 [00:04<00:00,  2.23it/s]Batches: 100%|██████████| 8/8 [00:04<00:00,  1.94it/s]
[2026-06-09 14:35:22] [MEM: 927.6MB] Generated 236 embeddings with dimension 768
[2026-06-09 14:35:22] [MEM: 927.6MB] Generated 236 embeddings from 40 trials
[2026-06-09 14:35:22] [MEM: 927.6MB] Creating FAISS index for 236 vectors...
[2026-06-09 14:35:22] [MEM: 928.0MB] FAISS index created: 236 vectors
[2026-06-09 14:35:22] [MEM: 928.0MB] Saving FAISS index to test_out/ct_poc/data/processed/clinical_trials/full/trials_chunk_0006.index
[2026-06-09 14:35:22] [MEM: 928.2MB] Saving metadata to test_out/ct_poc/data/processed/clinical_trials/full/trials_chunk_0006_meta.json
[2026-06-09 14:35:22] [MEM: 928.2MB] Files saved successfully:
[2026-06-09 14:35:22] [MEM: 928.2MB]   Index: 0.7MB
[2026-06-09 14:35:22] [MEM: 928.2MB]   Metadata: 1.7MB
[2026-06-09 14:35:22] [MEM: 928.2MB] === Clinical Trials Chunk Processing Complete ===
embed: chunk 0006 done
