[2026-06-09 16:33:10] [MEM: 116.3MB] ================================================================================
[2026-06-09 16:33:10] [MEM: 116.3MB] FAISS to Qdrant Sequential Insertion
[2026-06-09 16:33:10] [MEM: 116.3MB] ================================================================================
[2026-06-09 16:33:10] [MEM: 116.3MB] FAISS directory: test_out/pubmed_poc/processed
[2026-06-09 16:33:10] [MEM: 116.3MB] Collection: poc_pubmed
[2026-06-09 16:33:10] [MEM: 116.3MB] Qdrant URL: http://localhost:6333
[2026-06-09 16:33:10] [MEM: 116.3MB] Batch size: 200
[2026-06-09 16:33:10] [MEM: 116.3MB] Starting point ID: 0
[2026-06-09 16:33:10] [MEM: 116.3MB] 
[2026-06-09 16:33:10] [MEM: 116.3MB] Connecting to Qdrant...
[2026-06-09 16:33:10] [MEM: 123.2MB] ✓ Connected via HTTP
[2026-06-09 16:33:10] [MEM: 123.2MB]   Existing collections: 2
[2026-06-09 16:33:10] [MEM: 123.2MB]   Timeout: 300 seconds
[2026-06-09 16:33:10] [MEM: 123.2MB]   Tip: Use --prefer-grpc for 20-30% faster bulk inserts
[2026-06-09 16:33:10] [MEM: 123.3MB] Collection 'poc_pubmed' already exists
[2026-06-09 16:33:10] [MEM: 123.3MB] Found 1 FAISS files to process
[2026-06-09 16:33:10] [MEM: 123.3MB] 
[2026-06-09 16:33:10] [MEM: 124.0MB] Point ID strategy: pmid
[2026-06-09 16:33:10] [MEM: 124.0MB]   Using PMID as point ID (enables upsert for incremental updates)
[2026-06-09 16:33:10] [MEM: 124.0MB] 
[2026-06-09 16:33:10] [MEM: 124.0MB] [1/1] test_abstracts.index
[2026-06-09 16:33:10] [MEM: 124.2MB]   └─ Vectors: 50
[2026-06-09 16:33:11] [MEM: 127.4MB] Inserted final batch
[2026-06-09 16:33:11] [MEM: 127.4MB] 
[2026-06-09 16:33:11] [MEM: 127.4MB] ================================================================================
[2026-06-09 16:33:11] [MEM: 127.4MB] Insertion complete!
[2026-06-09 16:33:11] [MEM: 127.4MB] Total vectors inserted: 50
[2026-06-09 16:33:11] [MEM: 127.4MB] Final point ID: 50
[2026-06-09 16:33:11] [MEM: 127.4MB] ================================================================================
[2026-06-09 16:33:11] [MEM: 127.4MB] 
[2026-06-09 16:33:11] [MEM: 127.4MB] ================================================================================
[2026-06-09 16:33:11] [MEM: 127.4MB] WAITING FOR COLLECTION OPTIMIZATION
[2026-06-09 16:33:11] [MEM: 127.4MB] ================================================================================
[2026-06-09 16:33:11] [MEM: 127.4MB] Collection is optimizing in background (HNSW indexing, segment merging)
[2026-06-09 16:33:11] [MEM: 127.4MB] This is normal after bulk insertion - wait for GREEN status before queries
[2026-06-09 16:33:11] [MEM: 127.4MB] 
[2026-06-09 16:33:11] [MEM: 127.4MB] 
[2026-06-09 16:33:11] [MEM: 127.4MB] ✓ Collection is GREEN after 0s
[2026-06-09 16:33:11] [MEM: 127.4MB]   Points: 50
[2026-06-09 16:33:11] [MEM: 127.4MB]   Indexed: 0 (0.0%)
[2026-06-09 16:33:11] [MEM: 127.4MB]   Segments: 2
[2026-06-09 16:33:11] [MEM: 127.4MB]   Collection is ready for queries!
[2026-06-09 16:33:11] [MEM: 127.4MB] 
[2026-06-09 16:33:11] [MEM: 127.4MB] ================================================================================
[2026-06-09 16:33:11] [MEM: 127.4MB] COLLECTION READY FOR PRODUCTION
[2026-06-09 16:33:11] [MEM: 127.4MB] ================================================================================
[2026-06-09 16:33:11] [MEM: 127.4MB] Total insertion time: (see logs above)
[2026-06-09 16:33:11] [MEM: 127.4MB] Optimization time: 0s (0.0 minutes)
[2026-06-09 16:33:11] [MEM: 127.4MB] Final status: GREEN
[2026-06-09 16:33:11] [MEM: 127.4MB] ================================================================================
insert: pubmed done
