[2026-06-09 16:28:59] [MEM: 123.1MB] System RAM: 125.7GB total, 116.0GB available
[2026-06-09 16:28:59] [MEM: 123.1MB] === Starting Compound Processing (Streaming Mode) ===
[2026-06-09 16:28:59] [MEM: 151.0MB] RDKit loaded successfully (using MorganGenerator)
[2026-06-09 16:28:59] [MEM: 151.0MB] === Step 3: Processing compounds in batches ===
[2026-06-09 16:28:59] [MEM: 151.0MB] Counting total compounds to process...
[2026-06-09 16:28:59] [MEM: 151.0MB] Total compounds to process: 2,000
[2026-06-09 16:28:59] [MEM: 151.0MB] Estimated memory needed: 0.02 GB
[2026-06-09 16:28:59] [MEM: 151.0MB] Pre-allocating final array (2000 x 2048)...
[2026-06-09 16:28:59] [MEM: 151.0MB] Successfully allocated 0.02 GB array
[2026-06-09 16:28:59] [MEM: 151.0MB] Loading compounds from snapshots/raw_data/patents/chunked_compounds/compounds_chunk_0005.parquet
[2026-06-09 16:28:59] [MEM: 157.8MB] Total compounds in file: 500,000
[2026-06-09 16:28:59] [MEM: 157.8MB] Will process: 2,000 compounds
[2026-06-09 16:28:59] [MEM: 325.4MB]   Loaded batch: 2,000 / 2,000 compounds
[2026-06-09 16:28:59] [MEM: 325.4MB] Processing batch 1 with 2,000 compounds
[2026-06-09 16:28:59] [MEM: 325.4MB] Processing 2000 compounds...
[16:29:00] Explicit valence for atom # 4 Si, 5, is greater than permitted
[2026-06-09 16:29:00] [MEM: 344.0MB] Completed: 1999 valid fingerprints, 1 invalid/skipped
[2026-06-09 16:29:00] [MEM: 359.6MB] Copied 1,999 fingerprints to final array at offset 0
[2026-06-09 16:29:00] [MEM: 359.6MB] Batch 1 complete. Total processed so far: 1,999
[2026-06-09 16:29:00] [MEM: 308.0MB] Successfully processed 2,000 compound records
[2026-06-09 16:29:00] [MEM: 279.9MB] Trimming array from 2,000 to 1,999 valid compounds
[2026-06-09 16:29:00] [MEM: 279.9MB] Final fingerprints shape: (1999, 2048)
[2026-06-09 16:29:00] [MEM: 279.9MB] Creating FAISS index for 1999 fingerprints...
[2026-06-09 16:29:00] [MEM: 279.9MB] Fingerprints ready: dtype=float32, shape=(1999, 2048), C-contiguous=True
[2026-06-09 16:29:00] [MEM: 279.9MB] Creating FAISS IndexFlatL2...
[2026-06-09 16:29:00] [MEM: 280.2MB] Adding 1999 vectors to index...
[2026-06-09 16:29:00] [MEM: 295.8MB] FAISS index created: 1999 vectors
[2026-06-09 16:29:00] [MEM: 295.8MB] Saving FAISS index to test_out/patents_poc/compounds/compounds_0005.index
[2026-06-09 16:29:00] [MEM: 296.1MB] Saving metadata to test_out/patents_poc/compounds/compounds_0005.json
[2026-06-09 16:29:00] [MEM: 296.2MB] Files saved successfully:
[2026-06-09 16:29:00] [MEM: 296.2MB]   Index: 15.6MB
[2026-06-09 16:29:00] [MEM: 296.2MB]   Metadata: 0.5MB
[2026-06-09 16:29:00] [MEM: 296.2MB] === Compound Processing Complete ===
compound: chunk 0005 done
